This is pdfTeX, Version 3.1415926-2.5-1.40.14 (MiKTeX 2.9) (preloaded format=pdflatex 2014.6.18)  3 AUG 2014 16:38
entering extended mode
**backcover.tex
("C:\Users\Lon\Dropbox\AC 2014 print on demand\cover\backcover.tex"
LaTeX2e <2011/06/27>
Babel <v3.8m> and hyphenation patterns for english, afrikaans, ancientgreek, ar
abic, armenian, assamese, basque, bengali, bokmal, bulgarian, catalan, coptic, 
croatian, czech, danish, dutch, esperanto, estonian, farsi, finnish, french, ga
lician, german, german-x-2013-05-26, greek, gujarati, hindi, hungarian, iceland
ic, indonesian, interlingua, irish, italian, kannada, kurmanji, latin, latvian,
 lithuanian, malayalam, marathi, mongolian, mongolianlmc, monogreek, ngerman, n
german-x-2013-05-26, nynorsk, oriya, panjabi, pinyin, polish, portuguese, roman
ian, russian, sanskrit, serbian, slovak, slovenian, spanish, swedish, swissgerm
an, tamil, telugu, turkish, turkmen, ukenglish, ukrainian, uppersorbian, usengl
ishmax, welsh, loaded.
("C:\Program Files (x86)\MiKTeX 2.9\tex\latex\base\article.cls"
Document Class: article 2007/10/19 v1.4h Standard LaTeX document class
("C:\Program Files (x86)\MiKTeX 2.9\tex\latex\base\size12.clo"
File: size12.clo 2007/10/19 v1.4h Standard LaTeX file (size option)
)
\c@part=\count79
\c@section=\count80
\c@subsection=\count81
\c@subsubsection=\count82
\c@paragraph=\count83
\c@subparagraph=\count84
\c@figure=\count85
\c@table=\count86
\abovecaptionskip=\skip41
\belowcaptionskip=\skip42
\bibindent=\dimen102
)
("C:\Program Files (x86)\MiKTeX 2.9\tex\latex\geometry\geometry.sty"
Package: geometry 2010/09/12 v5.6 Page Geometry

("C:\Program Files (x86)\MiKTeX 2.9\tex\latex\graphics\keyval.sty"
Package: keyval 2014/05/08 v1.15 key=value parser (DPC)
\KV@toks@=\toks14
)
("C:\Program Files (x86)\MiKTeX 2.9\tex\generic\oberdiek\ifpdf.sty"
Package: ifpdf 2011/01/30 v2.3 Provides the ifpdf switch (HO)
Package ifpdf Info: pdfTeX in PDF mode is detected.
)
("C:\Program Files (x86)\MiKTeX 2.9\tex\generic\oberdiek\ifvtex.sty"
Package: ifvtex 2010/03/01 v1.5 Detect VTeX and its facilities (HO)
Package ifvtex Info: VTeX not detected.
)
("C:\Program Files (x86)\MiKTeX 2.9\tex\generic\ifxetex\ifxetex.sty"
Package: ifxetex 2010/09/12 v0.6 Provides ifxetex conditional
)
\Gm@cnth=\count87
\Gm@cntv=\count88
\c@Gm@tempcnt=\count89
\Gm@bindingoffset=\dimen103
\Gm@wd@mp=\dimen104
\Gm@odd@mp=\dimen105
\Gm@even@mp=\dimen106
\Gm@layoutwidth=\dimen107
\Gm@layoutheight=\dimen108
\Gm@layouthoffset=\dimen109
\Gm@layoutvoffset=\dimen110
\Gm@dimlist=\toks15

("C:\Program Files (x86)\MiKTeX 2.9\tex\latex\geometry\geometry.cfg"))
("C:\Program Files (x86)\MiKTeX 2.9\tex\latex\baskervaldx\baskervaldx.sty"

LaTeX Warning: You have requested package `baskervaldx',
               but the package provides `Baskervaldx'.

Package: Baskervaldx 2014/04/27 v1.04

`Baskervaldx' v1.04, 2014/04/27 Style file for Baskervaldx, an `expertized' upd
ate of Baskervald (msharpe)
("C:\Program Files (x86)\MiKTeX 2.9\tex\latex\base\fontenc.sty"
Package: fontenc 2005/09/27 v1.99g Standard LaTeX package

(C:\Users\Lon\AppData\Roaming\MiKTeX\2.9\tex\latex\ly1\ly1enc.def
File: ly1enc.def 2009/07/22 v0.7 TeX 'n ANSI encoding (DPC/KB)
)
("C:\Program Files (x86)\MiKTeX 2.9\tex\latex\base\t1enc.def"
File: t1enc.def 2005/09/27 v1.99g Standard LaTeX file
LaTeX Font Info:    Redeclaring font encoding T1 on input line 43.
)
LaTeX Font Info:    Try loading font information for T1+ptm on input line 100.

("C:\Program Files (x86)\MiKTeX 2.9\tex\latex\psnfss\t1ptm.fd"
File: t1ptm.fd 2001/06/04 font definitions for T1/ptm.
))
("C:\Program Files (x86)\MiKTeX 2.9\tex\latex\base\textcomp.sty"
Package: textcomp 2005/09/27 v1.99g Standard LaTeX package
Package textcomp Info: Sub-encoding information:
(textcomp)               5 = only ISO-Adobe without \textcurrency
(textcomp)               4 = 5 + \texteuro
(textcomp)               3 = 4 + \textohm
(textcomp)               2 = 3 + \textestimated + \textcurrency
(textcomp)               1 = TS1 - \textcircled - \t
(textcomp)               0 = TS1 (full)
(textcomp)             Font families with sub-encoding setting implement
(textcomp)             only a restricted character set as indicated.
(textcomp)             Family '?' is the default used for unknown fonts.
(textcomp)             See the documentation for details.
Package textcomp Info: Setting ? sub-encoding to TS1/1 on input line 71.

("C:\Program Files (x86)\MiKTeX 2.9\tex\latex\base\ts1enc.def"
File: ts1enc.def 2001/06/05 v3.0e (jk/car/fm) Standard LaTeX file
)
LaTeX Info: Redefining \oldstylenums on input line 266.
Package textcomp Info: Setting cmr sub-encoding to TS1/0 on input line 281.
Package textcomp Info: Setting cmss sub-encoding to TS1/0 on input line 282.
Package textcomp Info: Setting cmtt sub-encoding to TS1/0 on input line 283.
Package textcomp Info: Setting cmvtt sub-encoding to TS1/0 on input line 284.
Package textcomp Info: Setting cmbr sub-encoding to TS1/0 on input line 285.
Package textcomp Info: Setting cmtl sub-encoding to TS1/0 on input line 286.
Package textcomp Info: Setting ccr sub-encoding to TS1/0 on input line 287.
Package textcomp Info: Setting ptm sub-encoding to TS1/4 on input line 288.
Package textcomp Info: Setting pcr sub-encoding to TS1/4 on input line 289.
Package textcomp Info: Setting phv sub-encoding to TS1/4 on input line 290.
Package textcomp Info: Setting ppl sub-encoding to TS1/3 on input line 291.
Package textcomp Info: Setting pag sub-encoding to TS1/4 on input line 292.
Package textcomp Info: Setting pbk sub-encoding to TS1/4 on input line 293.
Package textcomp Info: Setting pnc sub-encoding to TS1/4 on input line 294.
Package textcomp Info: Setting pzc sub-encoding to TS1/4 on input line 295.
Package textcomp Info: Setting bch sub-encoding to TS1/4 on input line 296.
Package textcomp Info: Setting put sub-encoding to TS1/5 on input line 297.
Package textcomp Info: Setting uag sub-encoding to TS1/5 on input line 298.
Package textcomp Info: Setting ugq sub-encoding to TS1/5 on input line 299.
Package textcomp Info: Setting ul8 sub-encoding to TS1/4 on input line 300.
Package textcomp Info: Setting ul9 sub-encoding to TS1/4 on input line 301.
Package textcomp Info: Setting augie sub-encoding to TS1/5 on input line 302.
Package textcomp Info: Setting dayrom sub-encoding to TS1/3 on input line 303.
Package textcomp Info: Setting dayroms sub-encoding to TS1/3 on input line 304.

Package textcomp Info: Setting pxr sub-encoding to TS1/0 on input line 305.
Package textcomp Info: Setting pxss sub-encoding to TS1/0 on input line 306.
Package textcomp Info: Setting pxtt sub-encoding to TS1/0 on input line 307.
Package textcomp Info: Setting txr sub-encoding to TS1/0 on input line 308.
Package textcomp Info: Setting txss sub-encoding to TS1/0 on input line 309.
Package textcomp Info: Setting txtt sub-encoding to TS1/0 on input line 310.
Package textcomp Info: Setting lmr sub-encoding to TS1/0 on input line 311.
Package textcomp Info: Setting lmdh sub-encoding to TS1/0 on input line 312.
Package textcomp Info: Setting lmss sub-encoding to TS1/0 on input line 313.
Package textcomp Info: Setting lmssq sub-encoding to TS1/0 on input line 314.
Package textcomp Info: Setting lmvtt sub-encoding to TS1/0 on input line 315.
Package textcomp Info: Setting qhv sub-encoding to TS1/0 on input line 316.
Package textcomp Info: Setting qag sub-encoding to TS1/0 on input line 317.
Package textcomp Info: Setting qbk sub-encoding to TS1/0 on input line 318.
Package textcomp Info: Setting qcr sub-encoding to TS1/0 on input line 319.
Package textcomp Info: Setting qcs sub-encoding to TS1/0 on input line 320.
Package textcomp Info: Setting qpl sub-encoding to TS1/0 on input line 321.
Package textcomp Info: Setting qtm sub-encoding to TS1/0 on input line 322.
Package textcomp Info: Setting qzc sub-encoding to TS1/0 on input line 323.
Package textcomp Info: Setting qhvc sub-encoding to TS1/0 on input line 324.
Package textcomp Info: Setting futs sub-encoding to TS1/4 on input line 325.
Package textcomp Info: Setting futx sub-encoding to TS1/4 on input line 326.
Package textcomp Info: Setting futj sub-encoding to TS1/4 on input line 327.
Package textcomp Info: Setting hlh sub-encoding to TS1/3 on input line 328.
Package textcomp Info: Setting hls sub-encoding to TS1/3 on input line 329.
Package textcomp Info: Setting hlst sub-encoding to TS1/3 on input line 330.
Package textcomp Info: Setting hlct sub-encoding to TS1/5 on input line 331.
Package textcomp Info: Setting hlx sub-encoding to TS1/5 on input line 332.
Package textcomp Info: Setting hlce sub-encoding to TS1/5 on input line 333.
Package textcomp Info: Setting hlcn sub-encoding to TS1/5 on input line 334.
Package textcomp Info: Setting hlcw sub-encoding to TS1/5 on input line 335.
Package textcomp Info: Setting hlcf sub-encoding to TS1/5 on input line 336.
Package textcomp Info: Setting pplx sub-encoding to TS1/3 on input line 337.
Package textcomp Info: Setting pplj sub-encoding to TS1/3 on input line 338.
Package textcomp Info: Setting ptmx sub-encoding to TS1/4 on input line 339.
Package textcomp Info: Setting ptmj sub-encoding to TS1/4 on input line 340.
)
(C:\Users\Lon\AppData\Roaming\MiKTeX\2.9\tex\latex\mweights\mweights.sty
Package: mweights 2013/07/21 (Bob Tennent) Support package for multiple-weight 
font packages. 
LaTeX Info: Redefining \bfseries on input line 22.
LaTeX Info: Redefining \mdseries on input line 29.
LaTeX Info: Redefining \rmfamily on input line 36.
LaTeX Info: Redefining \sffamily on input line 53.
LaTeX Info: Redefining \ttfamily on input line 70.
)
(C:\Users\Lon\AppData\Roaming\MiKTeX\2.9\tex\latex\etoolbox\etoolbox.sty
Package: etoolbox 2011/01/03 v2.1 e-TeX tools for LaTeX

(C:\Users\Lon\AppData\Roaming\MiKTeX\2.9\tex\latex\misc\etex.sty
Package: etex 1998/03/26 v2.0 eTeX basic definition package (PEB)
\et@xins=\count90
)
\etb@tempcnta=\count91
)
(C:\Users\Lon\AppData\Roaming\MiKTeX\2.9\tex\latex\fontaxes\fontaxes.sty
Package: fontaxes 2014/03/23 v1.0d Font selection axes
LaTeX Info: Redefining \upshape on input line 29.
LaTeX Info: Redefining \itshape on input line 31.
LaTeX Info: Redefining \slshape on input line 33.
LaTeX Info: Redefining \scshape on input line 37.
)
LaTeX Info: Redefining \swshape on input line 27.

("C:\Program Files (x86)\MiKTeX 2.9\tex\latex\xkeyval\xkeyval.sty"
Package: xkeyval 2014/05/25 v2.7 package option processing (HA)

("C:\Program Files (x86)\MiKTeX 2.9\tex\generic\xkeyval\xkeyval.tex"
("C:\Program Files (x86)\MiKTeX 2.9\tex\generic\xkeyval\xkvutils.tex"
\XKV@toks=\toks16
\XKV@tempa@toks=\toks17
)
\XKV@depth=\count92
File: xkeyval.tex 2014/05/25 v2.7 key=value parser (HA)
)))
(C:\Users\Lon\AppData\Roaming\MiKTeX\2.9\tex\latex\tex-gyre\tgadventor.sty
Package: tgadventor 2009/09/10 v1.2 TeX Gyre Adventor as default sans serif fam
ily

("C:\Program Files (x86)\MiKTeX 2.9\tex\latex\oberdiek\kvoptions.sty"
Package: kvoptions 2011/06/30 v3.11 Key value format for package options (HO)

("C:\Program Files (x86)\MiKTeX 2.9\tex\generic\oberdiek\ltxcmds.sty"
Package: ltxcmds 2011/11/09 v1.22 LaTeX kernel commands for general use (HO)
)
("C:\Program Files (x86)\MiKTeX 2.9\tex\generic\oberdiek\kvsetkeys.sty"
Package: kvsetkeys 2012/04/25 v1.16 Key value parser (HO)

("C:\Program Files (x86)\MiKTeX 2.9\tex\generic\oberdiek\infwarerr.sty"
Package: infwarerr 2010/04/08 v1.3 Providing info/warning/error messages (HO)
)
("C:\Program Files (x86)\MiKTeX 2.9\tex\generic\oberdiek\etexcmds.sty"
Package: etexcmds 2011/02/16 v1.5 Avoid name clashes with e-TeX commands (HO)

("C:\Program Files (x86)\MiKTeX 2.9\tex\generic\oberdiek\ifluatex.sty"
Package: ifluatex 2010/03/01 v1.3 Provides the ifluatex switch (HO)
Package ifluatex Info: LuaTeX not detected.
)
Package etexcmds Info: Could not find \expanded.
(etexcmds)             That can mean that you are not using pdfTeX 1.50 or
(etexcmds)             that some package has redefined \expanded.
(etexcmds)             In the latter case, load this package earlier.
))))
("C:\Program Files (x86)\MiKTeX 2.9\tex\latex\base\fontenc.sty"
Package: fontenc 2005/09/27 v1.99g Standard LaTeX package

("C:\Program Files (x86)\MiKTeX 2.9\tex\latex\base\t1enc.def"
File: t1enc.def 2005/09/27 v1.99g Standard LaTeX file
LaTeX Font Info:    Redeclaring font encoding T1 on input line 43.
))
("C:\Program Files (x86)\MiKTeX 2.9\tex\latex\graphics\graphicx.sty"
Package: graphicx 2014/04/25 v1.0g Enhanced LaTeX Graphics (DPC,SPQR)

("C:\Program Files (x86)\MiKTeX 2.9\tex\latex\graphics\graphics.sty"
Package: graphics 2009/02/05 v1.0o Standard LaTeX Graphics (DPC,SPQR)

("C:\Program Files (x86)\MiKTeX 2.9\tex\latex\graphics\trig.sty"
Package: trig 1999/03/16 v1.09 sin cos tan (DPC)
)
("C:\Program Files (x86)\MiKTeX 2.9\tex\latex\00miktex\graphics.cfg"
File: graphics.cfg 2007/01/18 v1.5 graphics configuration of teTeX/TeXLive
)
Package graphics Info: Driver file: pdftex.def on input line 91.

("C:\Program Files (x86)\MiKTeX 2.9\tex\latex\pdftex-def\pdftex.def"
File: pdftex.def 2011/05/27 v0.06d Graphics/color for pdfTeX
\Gread@gobject=\count93
))
\Gin@req@height=\dimen111
\Gin@req@width=\dimen112
)
(C:\Users\Lon\AppData\Roaming\MiKTeX\2.9\tex\latex\xcolor\xcolor.sty
Package: xcolor 2007/01/21 v2.11 LaTeX color extensions (UK)

("C:\Program Files (x86)\MiKTeX 2.9\tex\latex\00miktex\color.cfg"
File: color.cfg 2007/01/18 v1.5 color configuration of teTeX/TeXLive
)
Package xcolor Info: Driver file: pdftex.def on input line 225.
Package xcolor Info: Model `cmy' substituted by `cmy0' on input line 1337.
Package xcolor Info: Model `hsb' substituted by `rgb' on input line 1341.
Package xcolor Info: Model `RGB' extended on input line 1353.
Package xcolor Info: Model `HTML' substituted by `rgb' on input line 1355.
Package xcolor Info: Model `Hsb' substituted by `hsb' on input line 1356.
Package xcolor Info: Model `tHsb' substituted by `hsb' on input line 1357.
Package xcolor Info: Model `HSB' substituted by `hsb' on input line 1358.
Package xcolor Info: Model `Gray' substituted by `gray' on input line 1359.
Package xcolor Info: Model `wave' substituted by `hsb' on input line 1360.
)
(C:\Users\Lon\AppData\Roaming\MiKTeX\2.9\tex\latex\ean13isbn\ean13isbn.sty
Package: ean13isbn 2008/06/20 EAN13 with ISBN
Package ean13isbn Info: $Id: ean13isbn.sty 208 2008-06-19 23:25:37Z zw $.

(C:\Users\Lon\AppData\Roaming\MiKTeX\2.9\tex\generic\ean\ean13.tex
The EAN-13 barcodes macro. Copyright (C) Petr Olsak, 1995
\numlines=\count94
\nummodules=\count95
\numdigit=\count96
\evensum=\count97
\oddsum=\count98
\X=\dimen113
\bcorr=\dimen114
\workdimen=\dimen115
\barheight=\dimen116
)
\zw@isbnfsize=\dimen117
)
(C:\Users\Lon\AppData\Roaming\MiKTeX\2.9\tex\latex\paralist\paralist.sty
Package: paralist 2013/06/09 v2.4 Extended list environments
\pltopsep=\skip43
\plpartopsep=\skip44
\plitemsep=\skip45
\plparsep=\skip46
\pl@lab=\toks18
)
(C:\Users\Lon\AppData\Roaming\MiKTeX\2.9\tex\latex\microtype\microtype.sty
Package: microtype 2013/05/23 v2.5a Micro-typographical refinements (RS)
\MT@toks=\toks19
\MT@count=\count99
LaTeX Info: Redefining \textls on input line 766.
\MT@outer@kern=\dimen118
LaTeX Info: Redefining \textmicrotypecontext on input line 1285.
\MT@listname@count=\count100

(C:\Users\Lon\AppData\Roaming\MiKTeX\2.9\tex\latex\microtype\microtype-pdftex.d
ef
File: microtype-pdftex.def 2013/05/23 v2.5a Definitions specific to pdftex (RS)

LaTeX Info: Redefining \lsstyle on input line 915.
LaTeX Info: Redefining \lslig on input line 915.
\MT@outer@space=\skip47
)
Package microtype Info: Loading configuration file microtype.cfg.
 (C:\Users\Lon\AppData\Roaming\MiKTeX\2.9\tex\latex\microtype\microtype.cfg
File: microtype.cfg 2013/05/23 v2.5a microtype main configuration file (RS)
)) (C:\Users\Lon\AppData\Roaming\MiKTeX\2.9\tex\latex\flowfram\flowfram.sty
Package: flowfram 2014/06/04 v1.16 (NLCT)

("C:\Program Files (x86)\MiKTeX 2.9\tex\latex\base\ifthen.sty"
Package: ifthen 2001/05/26 v1.1c Standard LaTeX ifthen package (DPC)
)
("C:\Program Files (x86)\MiKTeX 2.9\tex\latex\tools\afterpage.sty"
Package: afterpage 1995/10/27 v1.08 After-Page Package (DPC)
\AP@output=\toks20
\AP@partial=\box26
\AP@footins=\box27
)
(C:\Users\Lon\AppData\Roaming\MiKTeX\2.9\tex\latex\xfor\xfor.sty
Package: xfor 2009/02/05 v1.05 (NLCT)
)
\fflabelsep=\skip48
\c@absolutepage=\count101
\c@maxflow=\count102
\c@thisframe=\count103
\c@displayedframe=\count104
\c@maxstatic=\count105
\c@maxdynamic=\count106
\@colN=\count107
\@ff@tmpN=\count108
\ff@id=\count109
\@ff@offset=\skip49
\@ff@tmp@x=\skip50
\@ff@tmp@x@even=\skip51
\@ff@tmp@y=\skip52
\sdfparindent=\skip53
\flowframesep=\skip54
\flowframerule=\skip55
\staticframe=\box28
\@dynamictok=\toks21
\flf@ta=\toks22
\flf@tb=\toks23
\ffareawidth=\skip56
\ffareaheight=\skip57
\ffareax=\skip58
\ffareay=\skip59
\ffareaevenx=\skip60
\ffareaeveny=\skip61
\fftolerance=\skip62
\c@ffrangenum=\count110
\c@curpg=\count111
\ffevenoffset=\skip63
\@nxtcol=\count112
\columnheight=\skip64
\vcolumnsep=\skip65
\@ff@staticH=\skip66
\@ff@adjh=\count113
\@ff@staticW=\skip67
\@thisstrip=\count114
\ffcolumnseprule=\skip68
\@ff@left@x=\skip69
\@ff@left@y=\skip70
\@ff@left@evenx=\skip71
\@ff@left@eveny=\skip72
\@ff@left@width=\skip73
\@ff@left@height=\skip74
\c@maxthumbtabs=\count115
\thumbtabwidth=\skip75
\@greyscale=\count116
\c@maxtocunits=\count117
\c@maxminitoc=\count118
\@ttb@level=\count119
\@ttb@minitoclevel=\count120
\beforeminitocskip=\skip76
\afterminitocskip=\skip77
\c@minitoc=\count121
)
(C:\Users\Lon\AppData\Roaming\MiKTeX\2.9\tex\latex\ellipsis\ellipsis.sty
Package: ellipsis 2004/9/28 v1.6 ellipsis: fixes spacing around \protect \globa
l \let \T1\textellipsis .\kern \fontdimen 3\font .\kern \fontdimen 3\font .\ker
n \fontdimen 3\font \T1\textellipsis 

("C:\Program Files (x86)\MiKTeX 2.9\tex\latex\tools\xspace.sty"
Package: xspace 2009/10/20 v1.13 Space after command names (DPC,MH)
))
\columni=\box29
\colwidthi=\skip78
\colheighti=\skip79
\col@i@posx=\skip80
\col@i@posy=\skip81
\col@i@evenx=\skip82
\col@i@eveny=\skip83
\columnii=\box30
\colwidthii=\skip84
\colheightii=\skip85
\col@ii@posx=\skip86
\col@ii@posy=\skip87
\col@ii@evenx=\skip88
\col@ii@eveny=\skip89
\columniii=\box31
\colwidthiii=\skip90
\colheightiii=\skip91
\col@iii@posx=\skip92
\col@iii@posy=\skip93
\col@iii@evenx=\skip94
\col@iii@eveny=\skip95
\columniv=\box32
\colwidthiv=\skip96
\colheightiv=\skip97
\col@iv@posx=\skip98
\col@iv@posy=\skip99
\col@iv@evenx=\skip100
\col@iv@eveny=\skip101
\columnv=\box33
\colwidthv=\skip102
\colheightv=\skip103
\col@v@posx=\skip104
\col@v@posy=\skip105
\col@v@evenx=\skip106
\col@v@eveny=\skip107
\columnvi=\box34
\colwidthvi=\skip108
\colheightvi=\skip109
\col@vi@posx=\skip110
\col@vi@posy=\skip111
\col@vi@evenx=\skip112
\col@vi@eveny=\skip113
\columnvii=\box35
\colwidthvii=\skip114
\colheightvii=\skip115
\col@vii@posx=\skip116
\col@vii@posy=\skip117
\col@vii@evenx=\skip118
\col@vii@eveny=\skip119
\columnviii=\box36
\colwidthviii=\skip120
\colheightviii=\skip121
\col@viii@posx=\skip122
\col@viii@posy=\skip123
\col@viii@evenx=\skip124
\col@viii@eveny=\skip125
\@staticframe@i=\box37
\@sf@i@posx=\skip126
\@sf@i@posy=\skip127
\@sf@i@evenx=\skip128
\@sf@i@eveny=\skip129
\@staticframe@ii=\box38
\@sf@ii@posx=\skip130
\@sf@ii@posy=\skip131
\@sf@ii@evenx=\skip132
\@sf@ii@eveny=\skip133
\@staticframe@iii=\box39
\@sf@iii@posx=\skip134
\@sf@iii@posy=\skip135
\@sf@iii@evenx=\skip136
\@sf@iii@eveny=\skip137
\@staticframe@iv=\box40
\@sf@iv@posx=\skip138
\@sf@iv@posy=\skip139
\@sf@iv@evenx=\skip140
\@sf@iv@eveny=\skip141
\@staticframe@v=\box41
\@sf@v@posx=\skip142
\@sf@v@posy=\skip143
\@sf@v@evenx=\skip144
\@sf@v@eveny=\skip145
\@staticframe@vi=\box42
\@sf@vi@posx=\skip146
\@sf@vi@posy=\skip147
\@sf@vi@evenx=\skip148
\@sf@vi@eveny=\skip149
LaTeX Font Info:    Try loading font information for T1+Baskervaldx-TOsF on inp
ut line 29.

("C:\Program Files (x86)\MiKTeX 2.9\tex\latex\baskervaldx\t1baskervaldx-tosf.fd
"
File: T1Baskervaldx-TOsF.fd 2014/03/31 (autoinst) Font definitions for T1/Baske
rvaldx-TOsF.
)
LaTeX Font Info:    Font shape `T1/Baskervaldx-TOsF/m/n' will be
(Font)              scaled to size 10.50003pt on input line 29.
 ("C:\Users\Lon\Dropbox\AC 2014 print on demand\cover\backcover.aux")
LaTeX Font Info:    Checking defaults for OML/cmm/m/it on input line 29.
LaTeX Font Info:    ... okay on input line 29.
LaTeX Font Info:    Checking defaults for T1/cmr/m/n on input line 29.
LaTeX Font Info:    ... okay on input line 29.
LaTeX Font Info:    Checking defaults for OT1/cmr/m/n on input line 29.
LaTeX Font Info:    ... okay on input line 29.
LaTeX Font Info:    Checking defaults for OMS/cmsy/m/n on input line 29.
LaTeX Font Info:    ... okay on input line 29.
LaTeX Font Info:    Checking defaults for OMX/cmex/m/n on input line 29.
LaTeX Font Info:    ... okay on input line 29.
LaTeX Font Info:    Checking defaults for U/cmr/m/n on input line 29.
LaTeX Font Info:    ... okay on input line 29.
LaTeX Font Info:    Checking defaults for LY1/ptm/m/n on input line 29.
LaTeX Font Info:    Try loading font information for LY1+ptm on input line 29.

(C:\Users\Lon\AppData\Roaming\MiKTeX\2.9\tex\latex\ly1\ly1ptm.fd
File: ly1ptm.fd 2001/02/01 font definitions for LY1/ptm using Berry names.
)
LaTeX Font Info:    ... okay on input line 29.
LaTeX Font Info:    Checking defaults for TS1/cmr/m/n on input line 29.
LaTeX Font Info:    Try loading font information for TS1+cmr on input line 29.

("C:\Program Files (x86)\MiKTeX 2.9\tex\latex\base\ts1cmr.fd"
File: ts1cmr.fd 1999/05/25 v2.5h Standard LaTeX font definitions
)
LaTeX Font Info:    ... okay on input line 29.
LaTeX Font Info:    Font shape `T1/Baskervaldx-TOsF/m/n' will be
(Font)              scaled to size 12.60004pt on input line 29.

*geometry* driver: auto-detecting
*geometry* detected driver: pdftex
*geometry* verbose mode - [ preamble ] result:
* driver: pdftex
* paper: custom
* layout: <same size as paper>
* layoutoffset:(h,v)=(0.0pt,0.0pt)
* modes: 
* h-part:(L,W,R)=(0.0pt, 537.68896pt, 0.0pt)
* v-part:(T,H,B)=(0.0pt, 700.29646pt, 0.0pt)
* \paperwidth=537.68896pt
* \paperheight=700.29646pt
* \textwidth=537.68896pt
* \textheight=700.29646pt
* \oddsidemargin=-72.26999pt
* \evensidemargin=-72.26999pt
* \topmargin=-72.26999pt
* \headheight=0.0pt
* \headsep=0.0pt
* \topskip=12.0pt
* \footskip=0.0pt
* \marginparwidth=44.0pt
* \marginparsep=10.0pt
* \columnsep=10.0pt
* \skip\footins=10.8pt plus 4.0pt minus 2.0pt
* \hoffset=0.0pt
* \voffset=0.0pt
* \mag=1000
* \@twocolumnfalse
* \@twosidefalse
* \@mparswitchfalse
* \@reversemarginfalse
* (1in=72.27pt=25.4mm, 1cm=28.453pt)

\c@mv@tabular=\count122
\c@mv@boldtabular=\count123
(C:\Users\Lon\AppData\Roaming\MiKTeX\2.9\tex\context\base\supp-pdf.mkii
[Loading MPS to PDF converter (version 2006.09.02).]
\scratchcounter=\count124
\scratchdimen=\dimen119
\scratchbox=\box43
\nofMPsegments=\count125
\nofMParguments=\count126
\everyMPshowfont=\toks24
\MPscratchCnt=\count127
\MPscratchDim=\dimen120
\MPnumerator=\count128
\makeMPintoPDFobject=\count129
\everyMPtoPDFconversion=\toks25
)
LaTeX Info: Redefining \microtypecontext on input line 29.
Package microtype Info: Generating PDF output.
Package microtype Info: Character protrusion enabled (level 2).
Package microtype Info: Using default protrusion set `alltext'.
Package microtype Info: Automatic font expansion enabled (level 2),
(microtype)             stretch: 20, shrink: 20, step: 1, non-selected.
Package microtype Info: Using default expansion set `basictext'.
Package microtype Info: No adjustment of tracking.
Package microtype Info: No adjustment of interword spacing.
Package microtype Info: No adjustment of character kerning.
Package microtype Info: Loading generic settings for font family
(microtype)             `Baskervaldx-TOsF' (encoding: T1).
(microtype)             For optimal results, create family-specific settings.
(microtype)             See the microtype manual for details.
LaTeX Info: Redefining \dots on input line 29.
 <../figures/2_2_sineSoln-eps-converted-to.pdf, id=1, 481.8pt x 80.3pt>
File: ../figures/2_2_sineSoln-eps-converted-to.pdf Graphic file (type pdf)

<use ../figures/2_2_sineSoln-eps-converted-to.pdf>
Package pdftex.def Info: ../figures/2_2_sineSoln-eps-converted-to.pdf used on i
nput line 32.
(pdftex.def)             Requested size: 216.00665pt x 36.0011pt.

(C:\Users\Lon\AppData\Roaming\MiKTeX\2.9\tex\latex\microtype\mt-cmr.cfg
File: mt-cmr.cfg 2013/05/19 v2.2 microtype config. file: Computer Modern Roman 
(RS)
)
LaTeX Font Info:    External font `cmex10' loaded for size
(Font)              <12> on input line 32.
LaTeX Font Info:    External font `cmex10' loaded for size
(Font)              <8> on input line 32.
LaTeX Font Info:    External font `cmex10' loaded for size
(Font)              <6> on input line 32.

<../figures/6_1_ArcLength-eps-converted-to.pdf, id=2, 301.125pt x 150.5625pt>
File: ../figures/6_1_ArcLength-eps-converted-to.pdf Graphic file (type pdf)

<use ../figures/6_1_ArcLength-eps-converted-to.pdf>
Package pdftex.def Info: ../figures/6_1_ArcLength-eps-converted-to.pdf used on 
input line 35.
(pdftex.def)             Requested size: 216.81902pt x 108.4095pt.

<../figures/4_2_Intro-eps-converted-to.pdf, id=3, 150.5625pt x 150.5625pt>
File: ../figures/4_2_Intro-eps-converted-to.pdf Graphic file (type pdf)

<use ../figures/4_2_Intro-eps-converted-to.pdf>
Package pdftex.def Info: ../figures/4_2_Intro-eps-converted-to.pdf used on inpu
t line 38.
(pdftex.def)             Requested size: 108.4095pt x 108.4095pt.

<../figures/CCLicense-eps-converted-to.pdf, id=4, 121.45375pt x 43.16125pt>
File: ../figures/CCLicense-eps-converted-to.pdf Graphic file (type pdf)

<use ../figures/CCLicense-eps-converted-to.pdf>
Package pdftex.def Info: ../figures/CCLicense-eps-converted-to.pdf used on inpu
t line 44.
(pdftex.def)             Requested size: 72.26863pt x 25.68224pt.

<barcode.pdf, id=5, 144.54pt x 86.724pt>
File: barcode.pdf Graphic file (type pdf)
 <use barcode.pdf>
Package pdftex.def Info: barcode.pdf used on input line 45.
(pdftex.def)             Requested size: 144.53963pt x 86.72377pt.

Overfull \hbox (72.26964pt too wide) in paragraph at lines 45--45
[][] 
 []

<qrcode.pdf, id=6, 54.2025pt x 54.2025pt>
File: qrcode.pdf Graphic file (type pdf)
 <use qrcode.pdf>
Package pdftex.def Info: qrcode.pdf used on input line 46.
(pdftex.def)             Requested size: 54.20236pt x 54.20236pt.
LaTeX Font Info:    Try loading font information for T1+qag on input line 49.

(C:\Users\Lon\AppData\Roaming\MiKTeX\2.9\tex\latex\tex-gyre\t1qag.fd
File: t1qag.fd 2009/09/25 v1.2 font definition file for T1/qag
)
Package microtype Info: Loading generic settings for font family
(microtype)             `qag' (encoding: T1).
(microtype)             For optimal results, create family-specific settings.
(microtype)             See the microtype manual for details.
LaTeX Font Info:    Font shape `T1/Baskervaldx-TOsF/m/sc' will be
(Font)              scaled to size 10.50003pt on input line 72.
Package microtype Info: Character `029' is missing
(microtype)             in font `T1/Baskervaldx-TOsF/m/sc/10'.
(microtype)             Ignoring protrusion settings for this character.
LaTeX Font Info:    External font `cmex10' loaded for size
(Font)              <7> on input line 72.
LaTeX Font Info:    External font `cmex10' loaded for size
(Font)              <5> on input line 72.
 [1

{C:/Users/Lon/AppData/Local/MiKTeX/2.9/pdftex/config/pdftex.map} <C:/Users/Lon/
Dropbox/AC 2014 print on demand/figures/2_2_sineSoln-eps-converted-to.pdf> <C:/
Users/Lon/Dropbox/AC 2014 print on demand/figures/6_1_ArcLength-eps-converted-t
o.pdf> <C:/Users/Lon/Dropbox/AC 2014 print on demand/figures/4_2_Intro-eps-conv
erted-to.pdf> <C:/Users/Lon/Dropbox/AC 2014 print on demand/figures/CCLicense-e
ps-converted-to.pdf> <C:/Users/Lon/Dropbox/AC 2014 print on demand/cover/barcod
e.pdf> <C:/Users/Lon/Dropbox/AC 2014 print on demand/cover/qrcode.pdf>]
("C:\Users\Lon\Dropbox\AC 2014 print on demand\cover\backcover.aux") ) 
Here is how much of TeX's memory you used:
 7334 strings out of 493921
 113602 string characters out of 3144882
 228015 words of memory out of 3000000
 10444 multiletter control sequences out of 15000+200000
 39285 words of font info for 68 fonts, out of 3000000 for 9000
 841 hyphenation exceptions out of 8191
 43i,11n,51p,826b,321s stack positions out of 5000i,500n,10000p,200000b,50000s
{C:/Progr
am Files (x86)/MiKTeX 2.9/fonts/enc/dvips/baskervaldx/zbv_6tdhgo.enc}{C:/Progra
m Files (x86)/MiKTeX 2.9/fonts/enc/dvips/baskervaldx/zbv_rzwiio.enc}{C:/Users/L
on/AppData/Roaming/MiKTeX/2.9/fonts/enc/dvips/tex-gyre/q-ec.enc}<C:/Program Fil
es (x86)/MiKTeX 2.9/fonts/type1/public/baskervaldx/Baskervaldx-Reg.pfb><C:/Prog
ram Files (x86)/MiKTeX 2.9/fonts/type1/public/amsfonts/cm/cmr10.pfb><C:/Program
 Files (x86)/MiKTeX 2.9/fonts/type1/public/amsfonts/cm/cmss10.pfb><C:/Program F
iles (x86)/MiKTeX 2.9/fonts/type1/public/amsfonts/cm/cmss9.pfb><C:/Program File
s (x86)/MiKTeX 2.9/fonts/type1/public/amsfonts/cm/cmsy10.pfb><C:/Users/Lon/AppD
ata/Roaming/MiKTeX/2.9/fonts/type1/public/tex-gyre/qagb.pfb><C:/Users/Lon/AppDa
ta/Roaming/MiKTeX/2.9/fonts/type1/urw/symbol/usyr.pfb><C:/Program Files (x86)/M
iKTeX 2.9/fonts/type1/urw/times/utmr8a.pfb><C:/Program Files (x86)/MiKTeX 2.9/f
onts/type1/urw/times/utmri8a.pfb>
Output written on backcover.pdf (1 page, 144363 bytes).
PDF statistics:
 100 PDF objects out of 1000 (max. 8388607)
 0 named destinations out of 1000 (max. 500000)
 20511 words of extra memory for PDF output out of 20736 (max. 10000000)

