This is pdfTeX, Version 3.1415926-2.5-1.40.14 (MiKTeX 2.9) (preloaded format=pdflatex 2014.6.18)  3 AUG 2014 16:38
entering extended mode
**cover.tex
("C:\Users\Lon\Dropbox\AC 2014 print on demand\cover\cover.tex"
LaTeX2e <2011/06/27>
Babel <v3.8m> and hyphenation patterns for english, afrikaans, ancientgreek, ar
abic, armenian, assamese, basque, bengali, bokmal, bulgarian, catalan, coptic, 
croatian, czech, danish, dutch, esperanto, estonian, farsi, finnish, french, ga
lician, german, german-x-2013-05-26, greek, gujarati, hindi, hungarian, iceland
ic, indonesian, interlingua, irish, italian, kannada, kurmanji, latin, latvian,
 lithuanian, malayalam, marathi, mongolian, mongolianlmc, monogreek, ngerman, n
german-x-2013-05-26, nynorsk, oriya, panjabi, pinyin, polish, portuguese, roman
ian, russian, sanskrit, serbian, slovak, slovenian, spanish, swedish, swissgerm
an, tamil, telugu, turkish, turkmen, ukenglish, ukrainian, uppersorbian, usengl
ishmax, welsh, loaded.
("C:\Program Files (x86)\MiKTeX 2.9\tex\latex\base\article.cls"
Document Class: article 2007/10/19 v1.4h Standard LaTeX document class
("C:\Program Files (x86)\MiKTeX 2.9\tex\latex\base\size10.clo"
File: size10.clo 2007/10/19 v1.4h Standard LaTeX file (size option)
)
\c@part=\count79
\c@section=\count80
\c@subsection=\count81
\c@subsubsection=\count82
\c@paragraph=\count83
\c@subparagraph=\count84
\c@figure=\count85
\c@table=\count86
\abovecaptionskip=\skip41
\belowcaptionskip=\skip42
\bibindent=\dimen102
)
("C:\Program Files (x86)\MiKTeX 2.9\tex\latex\tools\calc.sty"
Package: calc 2007/08/22 v4.3 Infix arithmetic (KKT,FJ)
\calc@Acount=\count87
\calc@Bcount=\count88
\calc@Adimen=\dimen103
\calc@Bdimen=\dimen104
\calc@Askip=\skip43
\calc@Bskip=\skip44
LaTeX Info: Redefining \setlength on input line 75.
LaTeX Info: Redefining \addtolength on input line 76.
\calc@Ccount=\count89
\calc@Cskip=\skip45
)
\pagewidth=\skip46
\pageheight=\skip47
\spine=\skip48
\coverbleed=\skip49
\height=\skip50
\width=\skip51

("C:\Program Files (x86)\MiKTeX 2.9\tex\latex\geometry\geometry.sty"
Package: geometry 2010/09/12 v5.6 Page Geometry

("C:\Program Files (x86)\MiKTeX 2.9\tex\latex\graphics\keyval.sty"
Package: keyval 2014/05/08 v1.15 key=value parser (DPC)
\KV@toks@=\toks14
)
("C:\Program Files (x86)\MiKTeX 2.9\tex\generic\oberdiek\ifpdf.sty"
Package: ifpdf 2011/01/30 v2.3 Provides the ifpdf switch (HO)
Package ifpdf Info: pdfTeX in PDF mode is detected.
)
("C:\Program Files (x86)\MiKTeX 2.9\tex\generic\oberdiek\ifvtex.sty"
Package: ifvtex 2010/03/01 v1.5 Detect VTeX and its facilities (HO)
Package ifvtex Info: VTeX not detected.
)
("C:\Program Files (x86)\MiKTeX 2.9\tex\generic\ifxetex\ifxetex.sty"
Package: ifxetex 2010/09/12 v0.6 Provides ifxetex conditional
)
\Gm@cnth=\count90
\Gm@cntv=\count91
\c@Gm@tempcnt=\count92
\Gm@bindingoffset=\dimen105
\Gm@wd@mp=\dimen106
\Gm@odd@mp=\dimen107
\Gm@even@mp=\dimen108
\Gm@layoutwidth=\dimen109
\Gm@layoutheight=\dimen110
\Gm@layouthoffset=\dimen111
\Gm@layoutvoffset=\dimen112
\Gm@dimlist=\toks15

("C:\Program Files (x86)\MiKTeX 2.9\tex\latex\geometry\geometry.cfg"))
(C:\Users\Lon\AppData\Roaming\MiKTeX\2.9\tex\latex\pgf\frontendlayer\tikz.sty
(C:\Users\Lon\AppData\Roaming\MiKTeX\2.9\tex\latex\pgf\basiclayer\pgf.sty
(C:\Users\Lon\AppData\Roaming\MiKTeX\2.9\tex\latex\pgf\utilities\pgfrcs.sty
(C:\Users\Lon\AppData\Roaming\MiKTeX\2.9\tex\generic\pgf\utilities\pgfutil-comm
on.tex
\pgfutil@everybye=\toks16
)
(C:\Users\Lon\AppData\Roaming\MiKTeX\2.9\tex\generic\pgf\utilities\pgfutil-late
x.def
\pgfutil@abb=\box26
 (C:\Users\Lon\AppData\Roaming\MiKTeX\2.9\tex\latex\ms\everyshi.sty
Package: everyshi 2001/05/15 v3.00 EveryShipout Package (MS)
))
(C:\Users\Lon\AppData\Roaming\MiKTeX\2.9\tex\generic\pgf\utilities\pgfrcs.code.
tex
Package: pgfrcs 2010/10/25 v2.10 (rcs-revision 1.24)
))
Package: pgf 2008/01/15 v2.10 (rcs-revision 1.12)

(C:\Users\Lon\AppData\Roaming\MiKTeX\2.9\tex\latex\pgf\basiclayer\pgfcore.sty
("C:\Program Files (x86)\MiKTeX 2.9\tex\latex\graphics\graphicx.sty"
Package: graphicx 2014/04/25 v1.0g Enhanced LaTeX Graphics (DPC,SPQR)

("C:\Program Files (x86)\MiKTeX 2.9\tex\latex\graphics\graphics.sty"
Package: graphics 2009/02/05 v1.0o Standard LaTeX Graphics (DPC,SPQR)

("C:\Program Files (x86)\MiKTeX 2.9\tex\latex\graphics\trig.sty"
Package: trig 1999/03/16 v1.09 sin cos tan (DPC)
)
("C:\Program Files (x86)\MiKTeX 2.9\tex\latex\00miktex\graphics.cfg"
File: graphics.cfg 2007/01/18 v1.5 graphics configuration of teTeX/TeXLive
)
Package graphics Info: Driver file: pdftex.def on input line 91.

("C:\Program Files (x86)\MiKTeX 2.9\tex\latex\pdftex-def\pdftex.def"
File: pdftex.def 2011/05/27 v0.06d Graphics/color for pdfTeX

("C:\Program Files (x86)\MiKTeX 2.9\tex\generic\oberdiek\infwarerr.sty"
Package: infwarerr 2010/04/08 v1.3 Providing info/warning/error messages (HO)
)
("C:\Program Files (x86)\MiKTeX 2.9\tex\generic\oberdiek\ltxcmds.sty"
Package: ltxcmds 2011/11/09 v1.22 LaTeX kernel commands for general use (HO)
)
\Gread@gobject=\count93
))
\Gin@req@height=\dimen113
\Gin@req@width=\dimen114
)
(C:\Users\Lon\AppData\Roaming\MiKTeX\2.9\tex\latex\pgf\systemlayer\pgfsys.sty
(C:\Users\Lon\AppData\Roaming\MiKTeX\2.9\tex\generic\pgf\systemlayer\pgfsys.cod
e.tex
Package: pgfsys 2010/06/30 v2.10 (rcs-revision 1.37)

(C:\Users\Lon\AppData\Roaming\MiKTeX\2.9\tex\generic\pgf\utilities\pgfkeys.code
.tex
\pgfkeys@pathtoks=\toks17
\pgfkeys@temptoks=\toks18

(C:\Users\Lon\AppData\Roaming\MiKTeX\2.9\tex\generic\pgf\utilities\pgfkeysfilte
red.code.tex
\pgfkeys@tmptoks=\toks19
))
\pgf@x=\dimen115
\pgf@y=\dimen116
\pgf@xa=\dimen117
\pgf@ya=\dimen118
\pgf@xb=\dimen119
\pgf@yb=\dimen120
\pgf@xc=\dimen121
\pgf@yc=\dimen122
\w@pgf@writea=\write3
\r@pgf@reada=\read1
\c@pgf@counta=\count94
\c@pgf@countb=\count95
\c@pgf@countc=\count96
\c@pgf@countd=\count97

(C:\Users\Lon\AppData\Roaming\MiKTeX\2.9\tex\generic\pgf\systemlayer\pgf.cfg
File: pgf.cfg 2008/05/14  (rcs-revision 1.7)
)
Package pgfsys Info: Driver file for pgf: pgfsys-pdftex.def on input line 900.

(C:\Users\Lon\AppData\Roaming\MiKTeX\2.9\tex\generic\pgf\systemlayer\pgfsys-pdf
tex.def
File: pgfsys-pdftex.def 2009/05/22  (rcs-revision 1.26)

(C:\Users\Lon\AppData\Roaming\MiKTeX\2.9\tex\generic\pgf\systemlayer\pgfsys-com
mon-pdf.def
File: pgfsys-common-pdf.def 2008/05/19  (rcs-revision 1.10)
)))
(C:\Users\Lon\AppData\Roaming\MiKTeX\2.9\tex\generic\pgf\systemlayer\pgfsyssoft
path.code.tex
File: pgfsyssoftpath.code.tex 2008/07/18  (rcs-revision 1.7)
\pgfsyssoftpath@smallbuffer@items=\count98
\pgfsyssoftpath@bigbuffer@items=\count99
)
(C:\Users\Lon\AppData\Roaming\MiKTeX\2.9\tex\generic\pgf\systemlayer\pgfsysprot
ocol.code.tex
File: pgfsysprotocol.code.tex 2006/10/16  (rcs-revision 1.4)
))
(C:\Users\Lon\AppData\Roaming\MiKTeX\2.9\tex\latex\xcolor\xcolor.sty
Package: xcolor 2007/01/21 v2.11 LaTeX color extensions (UK)

("C:\Program Files (x86)\MiKTeX 2.9\tex\latex\00miktex\color.cfg"
File: color.cfg 2007/01/18 v1.5 color configuration of teTeX/TeXLive
)
Package xcolor Info: Driver file: pdftex.def on input line 225.
Package xcolor Info: Model `cmy' substituted by `cmy0' on input line 1337.
Package xcolor Info: Model `hsb' substituted by `rgb' on input line 1341.
Package xcolor Info: Model `RGB' extended on input line 1353.
Package xcolor Info: Model `HTML' substituted by `rgb' on input line 1355.
Package xcolor Info: Model `Hsb' substituted by `hsb' on input line 1356.
Package xcolor Info: Model `tHsb' substituted by `hsb' on input line 1357.
Package xcolor Info: Model `HSB' substituted by `hsb' on input line 1358.
Package xcolor Info: Model `Gray' substituted by `gray' on input line 1359.
Package xcolor Info: Model `wave' substituted by `hsb' on input line 1360.
)
(C:\Users\Lon\AppData\Roaming\MiKTeX\2.9\tex\generic\pgf\basiclayer\pgfcore.cod
e.tex
Package: pgfcore 2010/04/11 v2.10 (rcs-revision 1.7)

(C:\Users\Lon\AppData\Roaming\MiKTeX\2.9\tex\generic\pgf\math\pgfmath.code.tex
(C:\Users\Lon\AppData\Roaming\MiKTeX\2.9\tex\generic\pgf\math\pgfmathcalc.code.
tex
(C:\Users\Lon\AppData\Roaming\MiKTeX\2.9\tex\generic\pgf\math\pgfmathutil.code.
tex)
(C:\Users\Lon\AppData\Roaming\MiKTeX\2.9\tex\generic\pgf\math\pgfmathparser.cod
e.tex
\pgfmath@dimen=\dimen123
\pgfmath@count=\count100
\pgfmath@box=\box27
\pgfmath@toks=\toks20
\pgfmath@stack@operand=\toks21
\pgfmath@stack@operation=\toks22
)
(C:\Users\Lon\AppData\Roaming\MiKTeX\2.9\tex\generic\pgf\math\pgfmathfunctions.
code.tex
(C:\Users\Lon\AppData\Roaming\MiKTeX\2.9\tex\generic\pgf\math\pgfmathfunctions.
basic.code.tex)
(C:\Users\Lon\AppData\Roaming\MiKTeX\2.9\tex\generic\pgf\math\pgfmathfunctions.
trigonometric.code.tex)
(C:\Users\Lon\AppData\Roaming\MiKTeX\2.9\tex\generic\pgf\math\pgfmathfunctions.
random.code.tex)
(C:\Users\Lon\AppData\Roaming\MiKTeX\2.9\tex\generic\pgf\math\pgfmathfunctions.
comparison.code.tex)
(C:\Users\Lon\AppData\Roaming\MiKTeX\2.9\tex\generic\pgf\math\pgfmathfunctions.
base.code.tex)
(C:\Users\Lon\AppData\Roaming\MiKTeX\2.9\tex\generic\pgf\math\pgfmathfunctions.
round.code.tex)
(C:\Users\Lon\AppData\Roaming\MiKTeX\2.9\tex\generic\pgf\math\pgfmathfunctions.
misc.code.tex)))
(C:\Users\Lon\AppData\Roaming\MiKTeX\2.9\tex\generic\pgf\math\pgfmathfloat.code
.tex
\c@pgfmathroundto@lastzeros=\count101
))
(C:\Users\Lon\AppData\Roaming\MiKTeX\2.9\tex\generic\pgf\basiclayer\pgfcorepoin
ts.code.tex
File: pgfcorepoints.code.tex 2010/04/09  (rcs-revision 1.20)
\pgf@picminx=\dimen124
\pgf@picmaxx=\dimen125
\pgf@picminy=\dimen126
\pgf@picmaxy=\dimen127
\pgf@pathminx=\dimen128
\pgf@pathmaxx=\dimen129
\pgf@pathminy=\dimen130
\pgf@pathmaxy=\dimen131
\pgf@xx=\dimen132
\pgf@xy=\dimen133
\pgf@yx=\dimen134
\pgf@yy=\dimen135
\pgf@zx=\dimen136
\pgf@zy=\dimen137
)
(C:\Users\Lon\AppData\Roaming\MiKTeX\2.9\tex\generic\pgf\basiclayer\pgfcorepath
construct.code.tex
File: pgfcorepathconstruct.code.tex 2010/08/03  (rcs-revision 1.24)
\pgf@path@lastx=\dimen138
\pgf@path@lasty=\dimen139
)
(C:\Users\Lon\AppData\Roaming\MiKTeX\2.9\tex\generic\pgf\basiclayer\pgfcorepath
usage.code.tex
File: pgfcorepathusage.code.tex 2008/04/22  (rcs-revision 1.12)
\pgf@shorten@end@additional=\dimen140
\pgf@shorten@start@additional=\dimen141
)
(C:\Users\Lon\AppData\Roaming\MiKTeX\2.9\tex\generic\pgf\basiclayer\pgfcorescop
es.code.tex
File: pgfcorescopes.code.tex 2010/09/08  (rcs-revision 1.34)
\pgfpic=\box28
\pgf@hbox=\box29
\pgf@layerbox@main=\box30
\pgf@picture@serial@count=\count102
)
(C:\Users\Lon\AppData\Roaming\MiKTeX\2.9\tex\generic\pgf\basiclayer\pgfcoregrap
hicstate.code.tex
File: pgfcoregraphicstate.code.tex 2008/04/22  (rcs-revision 1.9)
\pgflinewidth=\dimen142
)
(C:\Users\Lon\AppData\Roaming\MiKTeX\2.9\tex\generic\pgf\basiclayer\pgfcoretran
sformations.code.tex
File: pgfcoretransformations.code.tex 2009/06/10  (rcs-revision 1.11)
\pgf@pt@x=\dimen143
\pgf@pt@y=\dimen144
\pgf@pt@temp=\dimen145
)
(C:\Users\Lon\AppData\Roaming\MiKTeX\2.9\tex\generic\pgf\basiclayer\pgfcorequic
k.code.tex
File: pgfcorequick.code.tex 2008/10/09  (rcs-revision 1.3)
)
(C:\Users\Lon\AppData\Roaming\MiKTeX\2.9\tex\generic\pgf\basiclayer\pgfcoreobje
cts.code.tex
File: pgfcoreobjects.code.tex 2006/10/11  (rcs-revision 1.2)
)
(C:\Users\Lon\AppData\Roaming\MiKTeX\2.9\tex\generic\pgf\basiclayer\pgfcorepath
processing.code.tex
File: pgfcorepathprocessing.code.tex 2008/10/09  (rcs-revision 1.8)
)
(C:\Users\Lon\AppData\Roaming\MiKTeX\2.9\tex\generic\pgf\basiclayer\pgfcorearro
ws.code.tex
File: pgfcorearrows.code.tex 2008/04/23  (rcs-revision 1.11)
)
(C:\Users\Lon\AppData\Roaming\MiKTeX\2.9\tex\generic\pgf\basiclayer\pgfcoreshad
e.code.tex
File: pgfcoreshade.code.tex 2008/11/23  (rcs-revision 1.13)
\pgf@max=\dimen146
\pgf@sys@shading@range@num=\count103
)
(C:\Users\Lon\AppData\Roaming\MiKTeX\2.9\tex\generic\pgf\basiclayer\pgfcoreimag
e.code.tex
File: pgfcoreimage.code.tex 2010/03/25  (rcs-revision 1.16)

(C:\Users\Lon\AppData\Roaming\MiKTeX\2.9\tex\generic\pgf\basiclayer\pgfcoreexte
rnal.code.tex
File: pgfcoreexternal.code.tex 2010/09/01  (rcs-revision 1.17)
\pgfexternal@startupbox=\box31
))
(C:\Users\Lon\AppData\Roaming\MiKTeX\2.9\tex\generic\pgf\basiclayer\pgfcorelaye
rs.code.tex
File: pgfcorelayers.code.tex 2010/08/27  (rcs-revision 1.2)
)
(C:\Users\Lon\AppData\Roaming\MiKTeX\2.9\tex\generic\pgf\basiclayer\pgfcoretran
sparency.code.tex
File: pgfcoretransparency.code.tex 2008/01/17  (rcs-revision 1.2)
)
(C:\Users\Lon\AppData\Roaming\MiKTeX\2.9\tex\generic\pgf\basiclayer\pgfcorepatt
erns.code.tex
File: pgfcorepatterns.code.tex 2009/07/02  (rcs-revision 1.3)
)))
(C:\Users\Lon\AppData\Roaming\MiKTeX\2.9\tex\generic\pgf\modules\pgfmoduleshape
s.code.tex
File: pgfmoduleshapes.code.tex 2010/09/09  (rcs-revision 1.13)
\pgfnodeparttextbox=\box32
)
(C:\Users\Lon\AppData\Roaming\MiKTeX\2.9\tex\generic\pgf\modules\pgfmoduleplot.
code.tex
File: pgfmoduleplot.code.tex 2010/10/22  (rcs-revision 1.8)
)
(C:\Users\Lon\AppData\Roaming\MiKTeX\2.9\tex\latex\pgf\compatibility\pgfcomp-ve
rsion-0-65.sty
Package: pgfcomp-version-0-65 2007/07/03 v2.10 (rcs-revision 1.7)
\pgf@nodesepstart=\dimen147
\pgf@nodesepend=\dimen148
)
(C:\Users\Lon\AppData\Roaming\MiKTeX\2.9\tex\latex\pgf\compatibility\pgfcomp-ve
rsion-1-18.sty
Package: pgfcomp-version-1-18 2007/07/23 v2.10 (rcs-revision 1.1)
))
(C:\Users\Lon\AppData\Roaming\MiKTeX\2.9\tex\latex\pgf\utilities\pgffor.sty
(C:\Users\Lon\AppData\Roaming\MiKTeX\2.9\tex\latex\pgf\utilities\pgfkeys.sty
(C:\Users\Lon\AppData\Roaming\MiKTeX\2.9\tex\generic\pgf\utilities\pgfkeys.code
.tex))
(C:\Users\Lon\AppData\Roaming\MiKTeX\2.9\tex\generic\pgf\utilities\pgffor.code.
tex
Package: pgffor 2010/03/23 v2.10 (rcs-revision 1.18)
\pgffor@iter=\dimen149
\pgffor@skip=\dimen150
\pgffor@stack=\toks23
\pgffor@toks=\toks24
))
(C:\Users\Lon\AppData\Roaming\MiKTeX\2.9\tex\generic\pgf\frontendlayer\tikz\tik
z.code.tex
Package: tikz 2010/10/13 v2.10 (rcs-revision 1.76)

(C:\Users\Lon\AppData\Roaming\MiKTeX\2.9\tex\generic\pgf\libraries\pgflibrarypl
othandlers.code.tex
File: pgflibraryplothandlers.code.tex 2010/05/31 v2.10 (rcs-revision 1.15)
\pgf@plot@mark@count=\count104
\pgfplotmarksize=\dimen151
)
\tikz@lastx=\dimen152
\tikz@lasty=\dimen153
\tikz@lastxsaved=\dimen154
\tikz@lastysaved=\dimen155
\tikzleveldistance=\dimen156
\tikzsiblingdistance=\dimen157
\tikz@figbox=\box33
\tikz@tempbox=\box34
\tikztreelevel=\count105
\tikznumberofchildren=\count106
\tikznumberofcurrentchild=\count107
\tikz@fig@count=\count108

(C:\Users\Lon\AppData\Roaming\MiKTeX\2.9\tex\generic\pgf\modules\pgfmodulematri
x.code.tex
File: pgfmodulematrix.code.tex 2010/08/24  (rcs-revision 1.4)
\pgfmatrixcurrentrow=\count109
\pgfmatrixcurrentcolumn=\count110
\pgf@matrix@numberofcolumns=\count111
)
\tikz@expandcount=\count112

(C:\Users\Lon\AppData\Roaming\MiKTeX\2.9\tex\generic\pgf\frontendlayer\tikz\lib
raries\tikzlibrarytopaths.code.tex
File: tikzlibrarytopaths.code.tex 2008/06/17 v2.10 (rcs-revision 1.2)
)))
("C:\Users\Lon\Dropbox\AC 2014 print on demand\cover\cover.aux")
LaTeX Font Info:    Checking defaults for OML/cmm/m/it on input line 13.
LaTeX Font Info:    ... okay on input line 13.
LaTeX Font Info:    Checking defaults for T1/cmr/m/n on input line 13.
LaTeX Font Info:    ... okay on input line 13.
LaTeX Font Info:    Checking defaults for OT1/cmr/m/n on input line 13.
LaTeX Font Info:    ... okay on input line 13.
LaTeX Font Info:    Checking defaults for OMS/cmsy/m/n on input line 13.
LaTeX Font Info:    ... okay on input line 13.
LaTeX Font Info:    Checking defaults for OMX/cmex/m/n on input line 13.
LaTeX Font Info:    ... okay on input line 13.
LaTeX Font Info:    Checking defaults for U/cmr/m/n on input line 13.
LaTeX Font Info:    ... okay on input line 13.

*geometry* driver: auto-detecting
*geometry* detected driver: pdftex
*geometry* verbose mode - [ preamble ] result:
* driver: pdftex
* paper: custom
* layout: <same size as paper>
* layoutoffset:(h,v)=(0.0pt,0.0pt)
* modes: 
* h-part:(L,W,R)=(0.0pt, 1174.24298pt, 0.0pt)
* v-part:(T,H,B)=(0.0pt, 718.36394pt, 0.0pt)
* \paperwidth=1174.24298pt
* \paperheight=718.36394pt
* \textwidth=1174.24298pt
* \textheight=718.36394pt
* \oddsidemargin=-72.26999pt
* \evensidemargin=-72.26999pt
* \topmargin=-72.26999pt
* \headheight=0.0pt
* \headsep=0.0pt
* \topskip=10.0pt
* \footskip=0.0pt
* \marginparwidth=65.0pt
* \marginparsep=11.0pt
* \columnsep=10.0pt
* \skip\footins=9.0pt plus 4.0pt minus 2.0pt
* \hoffset=0.0pt
* \voffset=0.0pt
* \mag=1000
* \@twocolumnfalse
* \@twosidefalse
* \@mparswitchfalse
* \@reversemarginfalse
* (1in=72.27pt=25.4mm, 1cm=28.453pt)

ABD: EveryShipout initializing macros
(C:\Users\Lon\AppData\Roaming\MiKTeX\2.9\tex\context\base\supp-pdf.mkii
[Loading MPS to PDF converter (version 2006.09.02).]
\scratchcounter=\count113
\scratchdimen=\dimen158
\scratchbox=\box35
\nofMPsegments=\count114
\nofMParguments=\count115
\everyMPshowfont=\toks25
\MPscratchCnt=\count116
\MPscratchDim=\dimen159
\MPnumerator=\count117
\makeMPintoPDFobject=\count118
\everyMPtoPDFconversion=\toks26
) <backcover.pdf, id=4, 537.6888pt x 700.2963pt>
File: backcover.pdf Graphic file (type pdf)
 <use backcover.pdf>
Package pdftex.def Info: backcover.pdf used on input line 16.
(pdftex.def)             Requested size: 537.68748pt x 700.29459pt.

<frontcover.pdf, id=5, 537.6888pt x 700.2963pt>
File: frontcover.pdf Graphic file (type pdf)
 <use frontcover.pdf>
Package pdftex.def Info: frontcover.pdf used on input line 17.
(pdftex.def)             Requested size: 537.68748pt x 700.29459pt.

<spine.pdf, id=6, 718.3638pt x 108.405pt>
File: spine.pdf Graphic file (type pdf)
 <use spine.pdf>
Package pdftex.def Info: spine.pdf used on input line 18.
(pdftex.def)             Requested size: 718.36205pt x 108.40472pt.
 [1

 <C:/Users/Lon/Dropbox/AC 2014 print on demand/cover/backcover.pdf{C:/Users/Lon
/AppData/Local/MiKTeX/2.9/pdftex/config/pdftex.map}> <C:/Users/Lon/Dropbox/AC 2
014 print on demand/cover/frontcover.pdf> <C:/Users/Lon/Dropbox/AC 2014 print o
n demand/cover/spine.pdf>] ("C:\Users\Lon\Dropbox\AC 2014 print on demand\cover
\cover.aux") ) 
Here is how much of TeX's memory you used:
 9980 strings out of 493921
 191855 string characters out of 3144882
 227766 words of memory out of 3000000
 13111 multiletter control sequences out of 15000+200000
 3640 words of font info for 14 fonts, out of 3000000 for 9000
 841 hyphenation exceptions out of 8191
 56i,7n,55p,412b,542s stack positions out of 5000i,500n,10000p,200000b,50000s
<C:/Program Files (x86)/MiKTeX 2.9/fonts/type1/public/baskervaldx
/Baskervaldx-Reg.pfb><C:/Users/Lon/AppData/Roaming/MiKTeX/2.9/fonts/type1/publi
c/tex-gyre/qagb.pfb><C:/Users/Lon/AppData/Roaming/MiKTeX/2.9/fonts/type1/public
/tex-gyre/qagr.pfb>
Output written on cover.pdf (1 page, 1459298 bytes).
PDF statistics:
 127 PDF objects out of 1000 (max. 8388607)
 0 named destinations out of 1000 (max. 500000)
 28 words of extra memory for PDF output out of 10000 (max. 10000000)

